<?xml version="1.0" encoding="UTF-8"?>
<!-- Generated by org.testng.reporters.JUnitReportReporter -->
<testsuite hostname="DESKTOP-S3MASNA" failures="0" tests="1" name="maven.seleniumjenkins.WebTest" time="8.311" errors="0" timestamp="2024-03-23T15:49:03 IST" skipped="0">
  <testcase classname="maven.seleniumjenkins.WebTest" name="startBrowser" time="8.311"/>
  <system-out/>
</testsuite> <!-- maven.seleniumjenkins.WebTest -->
